[debug] [2021-11-09T16:57:30.811Z] ----------------------------------------------------------------------
[debug] [2021-11-09T16:57:30.815Z] Command:       C:\Program Files\nodejs\node.exe C:\Users\mesuc\AppData\Roaming\npm\node_modules\firebase-tools\lib\bin\firebase.js init
[debug] [2021-11-09T16:57:30.815Z] CLI Version:   9.21.0
[debug] [2021-11-09T16:57:30.816Z] Platform:      win32
[debug] [2021-11-09T16:57:30.816Z] Node Version:  v14.18.0
[debug] [2021-11-09T16:57:30.817Z] Time:          Tue Nov 09 2021 22:57:30 GMT+0600 (Bangladesh Standard Time)
[debug] [2021-11-09T16:57:30.817Z] ----------------------------------------------------------------------
[debug] 
[debug] [2021-11-09T16:57:30.821Z] >>> [apiv2][query] GET https://firebase-public.firebaseio.com/cli.json [none]
[debug] [2021-11-09T16:57:30.861Z] > command requires scopes: ["email","openid","https://www.googleapis.com/auth/cloudplatformprojects.readonly","https://www.googleapis.com/auth/firebase","https://www.googleapis.com/auth/cloud-platform"]
[debug] [2021-11-09T16:57:30.861Z] > authorizing via signed-in user (mesu.s.ss@gmail.com)
[info] 
     ######## #### ########  ######## ########     ###     ######  ########
     ##        ##  ##     ## ##       ##     ##  ##   ##  ##       ##
     ######    ##  ########  ######   ########  #########  ######  ######
     ##        ##  ##    ##  ##       ##     ## ##     ##       ## ##
     ##       #### ##     ## ######## ########  ##     ##  ######  ########

You're about to initialize a Firebase project in this directory:

  C:\Projects\doctors-portal

Before we get started, keep in mind:

  * You are currently outside your home directory

